<?xml version="1.0" encoding="UTF-8"?>
<!-- Generated by org.testng.reporters.JUnitXMLReporter -->
<testsuite hostname="Tesla_PC" name="Default test" tests="1" failures="1" timestamp="2 Jun 2015 07:22:23 GMT" time="17.207" errors="0">
  <testcase name="_001__loginZiZhuBao on null(cases._001_LoginZZB)" time="4.338" classname="cases._001_LoginZZB">
    <failure type="org.openqa.selenium.StaleElementReferenceException" message="An element command failed because the referenced element is no longer attached to the DOM. (WARNING: The server did not provide any stacktrace information)
Command duration or timeout: 19 milliseconds
For documentation on this error, please visit: http://seleniumhq.org/exceptions/stale_element_reference.html
Build info: version: &amp;apos;2.45.0&amp;apos;, revision: &amp;apos;5017cb8&amp;apos;, time: &amp;apos;2015-02-26 23:59:50&amp;apos;
System info: host: &amp;apos;Tesla_PC&amp;apos;, ip: &amp;apos;192.168.56.1&amp;apos;, os.name: &amp;apos;Windows 8.1&amp;apos;, os.arch: &amp;apos;amd64&amp;apos;, os.version: &amp;apos;6.3&amp;apos;, java.version: &amp;apos;1.7.0_79&amp;apos;
Session ID: c1821253-7ddd-3f4b-6134-fbf1df51c504
Driver info: io.appium.java_client.android.AndroidDriver
Capabilities [{automationName=selendroid, platform=ANDROID, app=C:\Tesla&amp;apos;s files\Projects\ZZB\..\ZZB\apps\ZiZhuBao0518_1436.apk, acceptSslCerts=true, javascriptEnabled=true, browserName=selendroid, networkConnectionEnabled=true, rotatable=true, desired={automationName=Selendroid, app=C:\Tesla&amp;apos;s files\Projects\ZZB\..\ZZB\apps\ZiZhuBao0518_1436.apk, platformName=Android, deviceName=Android, browserName=, app-activity=.ZiZhuBao0518_1436, version=4.4}, version=0.13.0, platformVersion=17, deviceName=Android, platformName=android, handlesAlerts=true, app-activity=.ZiZhuBao0518_1436, warnings={}, takesScreenshot=true}]">
      <![CDATA[org.openqa.selenium.StaleElementReferenceException: An element command failed because the referenced element is no longer attached to the DOM. (WARNING: The server did not provide any stacktrace information)
Command duration or timeout: 19 milliseconds
For documentation on this error, please visit: http://seleniumhq.org/exceptions/stale_element_reference.html
Build info: version: '2.45.0', revision: '5017cb8', time: '2015-02-26 23:59:50'
System info: host: 'Tesla_PC', ip: '192.168.56.1', os.name: 'Windows 8.1', os.arch: 'amd64', os.version: '6.3', java.version: '1.7.0_79'
Session ID: c1821253-7ddd-3f4b-6134-fbf1df51c504
Driver info: io.appium.java_client.android.AndroidDriver
Capabilities [{automationName=selendroid, platform=ANDROID, app=C:\Tesla's files\Projects\ZZB\..\ZZB\apps\ZiZhuBao0518_1436.apk, acceptSslCerts=true, javascriptEnabled=true, browserName=selendroid, networkConnectionEnabled=true, rotatable=true, desired={automationName=Selendroid, app=C:\Tesla's files\Projects\ZZB\..\ZZB\apps\ZiZhuBao0518_1436.apk, platformName=Android, deviceName=Android, browserName=, app-activity=.ZiZhuBao0518_1436, version=4.4}, version=0.13.0, platformVersion=17, deviceName=Android, platformName=android, handlesAlerts=true, app-activity=.ZiZhuBao0518_1436, warnings={}, takesScreenshot=true}]
	at sun.reflect.NativeConstructorAccessorImpl.newInstance0(Native Method)
	at sun.reflect.NativeConstructorAccessorImpl.newInstance(Unknown Source)
	at sun.reflect.DelegatingConstructorAccessorImpl.newInstance(Unknown Source)
	at java.lang.reflect.Constructor.newInstance(Unknown Source)
	at org.openqa.selenium.remote.ErrorHandler.createThrowable(ErrorHandler.java:204)
	at org.openqa.selenium.remote.ErrorHandler.throwIfResponseFailed(ErrorHandler.java:156)
	at org.openqa.selenium.remote.RemoteWebDriver.execute(RemoteWebDriver.java:599)
	at io.appium.java_client.AppiumDriver.execute(AppiumDriver.java:180)
	at org.openqa.selenium.remote.RemoteWebElement.execute(RemoteWebElement.java:268)
	at org.openqa.selenium.remote.RemoteWebElement.click(RemoteWebElement.java:79)
	at modules.HomePage.NavigateToZiZhuTou(HomePage.java:32)
	at cases._001_LoginZZB._001__loginZiZhuBao(_001_LoginZZB.java:25)
	at sun.reflect.NativeMethodAccessorImpl.invoke0(Native Method)
	at sun.reflect.NativeMethodAccessorImpl.invoke(Unknown Source)
	at sun.reflect.DelegatingMethodAccessorImpl.invoke(Unknown Source)
	at java.lang.reflect.Method.invoke(Unknown Source)
	at org.testng.internal.MethodInvocationHelper.invokeMethod(MethodInvocationHelper.java:84)
	at org.testng.internal.Invoker.invokeMethod(Invoker.java:714)
	at org.testng.internal.Invoker.invokeTestMethod(Invoker.java:901)
	at org.testng.internal.Invoker.invokeTestMethods(Invoker.java:1231)
	at org.testng.internal.TestMethodWorker.invokeTestMethods(TestMethodWorker.java:127)
	at org.testng.internal.TestMethodWorker.run(TestMethodWorker.java:111)
	at org.testng.TestRunner.privateRun(TestRunner.java:767)
	at org.testng.TestRunner.run(TestRunner.java:617)
	at org.testng.SuiteRunner.runTest(SuiteRunner.java:335)
	at org.testng.SuiteRunner.runSequentially(SuiteRunner.java:330)
	at org.testng.SuiteRunner.privateRun(SuiteRunner.java:291)
	at org.testng.SuiteRunner.run(SuiteRunner.java:240)
	at org.testng.SuiteRunnerWorker.runSuite(SuiteRunnerWorker.java:52)
	at org.testng.SuiteRunnerWorker.run(SuiteRunnerWorker.java:86)
	at org.testng.TestNG.runSuitesSequentially(TestNG.java:1224)
	at org.testng.TestNG.runSuitesLocally(TestNG.java:1149)
	at org.testng.TestNG.run(TestNG.java:1057)
	at org.testng.remote.RemoteTestNG.run(RemoteTestNG.java:111)
	at org.testng.remote.RemoteTestNG.initAndRun(RemoteTestNG.java:204)
	at org.testng.remote.RemoteTestNG.main(RemoteTestNG.java:175)
]]>
    </failure>
  </testcase> <!-- _001__loginZiZhuBao on null(cases._001_LoginZZB) -->
</testsuite> <!-- Default test -->
